  = = = = = = BIGSTICK run log file = = = = = = 
  Code and run information 
  BIGSTICK Version 7.10.4Nov  2021
  Run date: 2023-07-25
  Menu choice: d  

 Running on NERSC_HOST: none
 scratch_dir (*.wfn,...): .
 Number of MPI processors =           1 , with # OpenMP threads =            1
  
  Information on defaults/flags (found in module flagger in file bmodules_flags.f90):
  Limits on storage (found in module flagger in file bmodules_flags.f90):
  maxjumpmemory_default =    64.0000000      Gb 
  maxlanczosstorage1 =    16.0000000      Gb 
  flag iffulluseph (if full, use particle-hole transformation ) =  T
  
  
  Many-body system information 
  Single particle space found in psd                                     
  Isospin formalism for single-particle space
  Proton-neutron formalism is not yet fully implemented...is it?
 Valence Z =            4 , valence N =            4
  M =            0 , parity = 0
  
 there are           15  sectors            1
 there are           15  sectors            2
  Total basis dimension:               1133654
  # Slater determinants: proton                  3060 , neutron                  3060
  # sectors: protons           15 , neutrons           15
               187347  proton 2b jumps
   1 max # 2-body jumps in a sector jump           36393 =>     0.001 Gb storage
               187347  neutron 2b jumps
   2 max # 2-body jumps in a sector jump           36393 =>     0.001 Gb storage
               112480  proton 1-b jumps
   1 max # 1-body jumps in a sector jump            7384 =>     0.000 Gb storage
               112480  neutron 1-b jumps
   2 max # 1-body jumps in a sector jump            7384 =>     0.000 Gb storage
  Time to compute jumps :    1.0999999940395355E-002
  avg storage per operation available    65.311203394027302       bytes
  avg storage per weighted operation avail:    8.6510132511435884       bytes/ns
 opfragstat(           1 ,            1 )%nnodes =            1
  frags            1 ->           1  on procs            0           0
 RAM for 2 lanczos vectors in storage         :        9.069 Mb 
 RAM for jumps in storage    (total)          :          14.092 Mb 
 RAM for uncoupled two-body matrix elements   :        0.081 Mb 
  total # operations             979923760  ~ ops/jump =    1634.14868    
  Effective storage per operation =    1.4380210558421402E-002  bytes 
 Total nonzero matrix (including indices, assuming hermitian) would require    3.920     Gb storage 
  
  Interactions read in: 
  opening OXBASH/NuSHELL-style isospin formatted file YSOX.int
 !SFO-0.55VMU(pp-sdsd)0.85VMU(psd-psd)-SPDF-M ORDER spe IS:            
 !1=1P1/2, 2=1P3/2, 3=1D3/2, 4=1D5/2, 5=2S1/2                          
  Scaling: spe    1.00000000      TBMEs by (   6.00000000     /   12.0000000     )^  0.300000012      =   0.812252402    
         198  two-body matrix elements in this file 
  As a check, first two-body matrix element in list is  -0.241799995    
  No one-body potential beyond single-particle energies 
  Time to compute jumps :    1.4999999664723873E-002

         450  iterations 
  Average time per processor is    586.94899999955669       max    586.94899999955669     
  Time to run after lanczos:    1141.2229999997653     
                41360  proton 1-b jumps
                41360  neutron 1-b jumps
  Time to run after lanczos:    1849.0690000001341     
  Total time to run :    1850.6630000001751     
  Time to compute basis :    0.0000000000000000     
  Time to count up jumps :    9.9999997764825821E-003
  Time to create descendents :    0.0000000000000000     
  Time to setup for matrix elements :    0.0000000000000000     
  Time to decouple matrix elements :    1.9999998621642590E-003
  Time to compute jumps :    1.4999999664723873E-002
  Time to sort 1b-jumps :    1.6000000294297934E-002
  Time to set up pivot :    0.0000000000000000     
  Time to compute lanczos :    739.73999999975786     
  Time total in H mat-vec multiply  :    586.94999999972060     
  Time to apply sp energies :    0.0000000000000000     
  Time in pn :    300.70099999662489     
  Time in pn(back) :    183.62200000556186     
  Time in 2-body (pp) :    19.702999998349696     
  Time in 2-body (nn) :    63.239999999757856     
  Time in reorthogonalization :    152.60199999809265     
  Time in reduce (in applyh only) :    0.0000000000000000     
  Time spent diagonalizing. :    8.1000000238418579E-002
  Time to build eigenvectors. :    71.766999999992549     
  Time to compute J^2, T^2 :    1.1040000002831221     
  Time to compute 1b densities:    707.84600000036880     
  Time to write 1b densities :    1.5940000000409782     
  
  *** END OF LOG *** END OF LOG *** END OF LOG *** 
