  = = = = = = BIGSTICK run log file = = = = = = 
  Code and run information 
  BIGSTICK Version 7.10.4Nov  2021
  Run date: 2023-07-21
  Menu choice: o  

 Running on NERSC_HOST: none
 scratch_dir (*.wfn,...): .
 Number of MPI processors =           1 , with # OpenMP threads =            1
  
  Information on defaults/flags (found in module flagger in file bmodules_flags.f90):
  Limits on storage (found in module flagger in file bmodules_flags.f90):
  maxjumpmemory_default =    64.0000000      Gb 
  maxlanczosstorage1 =    16.0000000      Gb 
  flag iffulluseph (if full, use particle-hole transformation ) =  T
  
  
  Many-body system information 
  Single particle space read in from file c12.wfn                                           
  Isospin formalism for single-particle space
  Proton-neutron formalism is not yet fully implemented...is it?
 Valence Z =            4 , valence N =            4
  M =            0 , parity = +
  
 there are           15  sectors            1
 there are           15  sectors            2
  Total basis dimension:               1133654
  # Slater determinants: proton                  3060 , neutron                  3060
  # sectors: protons           15 , neutrons           15
                41360  proton 1-b jumps
                41360  neutron 1-b jumps
