  = = = = = = BIGSTICK run log file = = = = = = 
  Code and run information 
  BIGSTICK Version 7.10.4Nov  2021
  Run date: 2022-08-29
  Menu choice: d  

 Running on NERSC_HOST: none
 scratch_dir (*.wfn,...): .
 Number of MPI processors =           1 , with # OpenMP threads =            1
  
  Information on defaults/flags (found in module flagger in file bmodules_flags.f90):
  Limits on storage (found in module flagger in file bmodules_flags.f90):
  maxjumpmemory_default =    64.0000000      Gb 
  maxlanczosstorage1 =    16.0000000      Gb 
  flag iffulluseph (if full, use particle-hole transformation ) =  T
  
  
  Many-body system information 
  Single particle space found in sd                                      
  Isospin formalism for single-particle space
  Proton-neutron formalism is not yet fully implemented...is it?
 Valence Z =            1 , valence N =            2
  M =            1 /2, parity = +
  
 there are            6  sectors            1
 there are            6  sectors            2
  Total basis dimension:                   128
  # Slater determinants: proton                    12 , neutron                    58
  # sectors: protons            6 , neutrons            6
                  337  neutron 2b jumps
   2 max # 2-body jumps in a sector jump             105 =>     0.000 Gb storage
                   86  proton 1-b jumps
   1 max # 1-body jumps in a sector jump               9 =>     0.000 Gb storage
                  704  neutron 1-b jumps
   2 max # 1-body jumps in a sector jump              72 =>     0.000 Gb storage
  Time to compute jumps :    9.9999969825148582E-004
  avg storage per operation available    8808147.5364712365       bytes
  avg storage per weighted operation avail:    353374.33342826198       bytes/ns
 opfragstat(           1 ,            1 )%nnodes =            1
  frags            1 ->           1  on procs            0           0
 RAM for 2 lanczos vectors in storage         :        0.001 Mb 
 RAM for jumps in storage    (total)          :           0.025 Mb 
 RAM for uncoupled two-body matrix elements   :        0.012 Mb 
  total # operations                  7266  ~ ops/jump =    6.44720507    
  Effective storage per operation =    3.4427470410129368       bytes 
 Total nonzero matrix (including indices, assuming hermitian) would require   0.2906E-04 Gb storage 
  
  Interactions read in: 
  opening OXBASH/NuSHELL-style isospin formatted file usdb.int
 ! depmas=  0.30 lincom=  56 icntrl= 1 fgserr=  1.00                   
 ! 1=d3/2 2=d5/2 3=s1/2                                                
 ! the first line has the three single-particle energies               
 ! the - sign tells oxbash that the tbme have a mass dependence of the 
 ! [18/(16+n)]^0.3 where n is the number of valence particles          
  Scaling: spe    1.00000000      TBMEs by (   18.0000000     /   19.0000000     )^  0.300000012      =   0.983910680    
          63  two-body matrix elements in this file 
  As a check, first two-body matrix element in list is   -1.37960005    
  No one-body potential beyond single-particle energies 
  Time to compute jumps :    0.0000000000000000     
  Time to run after lanczos:    4.3999999761581421E-002
                   28  proton 1-b jumps
                  266  neutron 1-b jumps
  Time to run after lanczos:    6.9999999832361937E-002
  Total time to run :    9.7999999765306711E-002
  Time to compute basis :    0.0000000000000000     
  Time to count up jumps :    0.0000000000000000     
  Time to create descendents :    0.0000000000000000     
  Time to setup for matrix elements :    9.9999969825148582E-004
  Time to decouple matrix elements :    1.0000001639127731E-003
  Time to compute jumps :    0.0000000000000000     
  Time to sort 1b-jumps :    0.0000000000000000     
  Time to set up pivot :    0.0000000000000000     
  Time to compute lanczos :    3.7000000011175871E-002
  Time total in H mat-vec multiply  :    2.3000000044703484E-002
  Time to apply sp energies :    0.0000000000000000     
  Time in pn :    1.0999999474734068E-002
  Time in pn(back) :    3.9999997243285179E-003
  Time in 2-body (pp) :    0.0000000000000000     
  Time in 2-body (nn) :    5.0000003539025784E-003
  Time in reorthogonalization :    0.0000000000000000     
  Time in reduce (in applyh only) :    0.0000000000000000     
  Time spent diagonalizing. :    0.0000000000000000     
  Time to build eigenvectors. :    0.0000000000000000     
  Time to compute J^2, T^2 :    5.4000000003725290E-002
  Time to compute 1b densities:    2.6000000070780516E-002
  Time to write 1b densities :    2.7999999932944775E-002
  
  *** END OF LOG *** END OF LOG *** END OF LOG *** 
